Content-Type: multipart/alternative;
 boundary="===============2037303158654217740=="
MIME-Version: 1.0
Subject: =?utf-8?q?R=C3=A9servation_air_de_famille?=
From: localhost
To: jcamuzet@yahoo.com
Date: Tue, 11 Oct 2022 17:00:22 -0000
Message-ID: <166550762277.17120.1164961842567547418@PC-Jules.home>

--===============2037303158654217740==
Content-Type: text/plain; charset="utf-8"
MIME-Version: 1.0
Content-Transfer-Encoding: 8bit



    
        Mail
        
    
    
        Votre réservertion pour 1 personne(s) au nom de Jules CAMUZET
            le Oct. 13, 2022 à  a été acceptée.
            Numéro de téléphone : 0771053677, 
            En cas d'erreur avec l'une des informations ci-dessus, veuillez nous contacter par téléphone 
            au 05 67 06 54 08.
            Bonne journée et à très vite.
        
    

--===============2037303158654217740==
Content-Type: text/html; charset="utf-8"
MIME-Version: 1.0
Content-Transfer-Encoding: 8bit

<!DOCTYPE html>
<html>
    <head>
        <title>Mail</title>
        <meta http-equiv="Content-Type" content="text/html;charset=UTF-8">
    </head>
    <body>
        <p>Votre réservertion pour 1 personne(s) au nom de Jules CAMUZET
            le Oct. 13, 2022 à  a été acceptée.<br>
            Numéro de téléphone : 0771053677, <br>
            En cas d'erreur avec l'une des informations ci-dessus, veuillez nous contacter par téléphone 
            au 05 67 06 54 08.<br>
            Bonne journée et à très vite.
        </p>
    </body>
</html>
--===============2037303158654217740==--

-------------------------------------------------------------------------------
